{
  "numFailedTestSuites": 0,
  "numFailedTests": 0,
  "numPassedTestSuites": 1,
  "numPassedTests": 2,
  "numPendingTestSuites": 0,
  "numPendingTests": 0,
  "numRuntimeErrorTestSuites": 0,
  "numTodoTests": 0,
  "numTotalTestSuites": 1,
  "numTotalTests": 2,
  "openHandles": [],
  "snapshot": {
    "added": 0,
    "didUpdate": false,
    "failure": false,
    "filesAdded": 0,
    "filesRemoved": 0,
    "filesRemovedList": [],
    "filesUnmatched": 0,
    "filesUpdated": 0,
    "matched": 0,
    "total": 0,
    "unchecked": 0,
    "uncheckedKeysByFile": [],
    "unmatched": 0,
    "updated": 0
  },
  "startTime": 1690865579895,
  "success": false,
  "testResults": [
    {
      "leaks": false,
      "numFailingTests": 0,
      "numPassingTests": 2,
      "numPendingTests": 0,
      "numTodoTests": 0,
      "openHandles": [],
      "perfStats": {
        "end": 1690865580387,
        "runtime": 419,
        "slow": false,
        "start": 1690865579968
      },
      "skipped": false,
      "snapshot": {
        "added": 0,
        "fileDeleted": false,
        "matched": 0,
        "unchecked": 0,
        "uncheckedKeys": [],
        "unmatched": 0,
        "updated": 0
      },
      "testFilePath": "/Users/arunkumarnehru.ksthoughtworks.com/Documents/MounteBankwithSupertestAndWDIO/src/__tests__/getStudentInfo.js",
      "testResults": [
        {
          "ancestorTitles": [
            "GET Student data"
          ],
          "duration": 45,
          "failureDetails": [],
          "failureMessages": [],
          "fullName": "GET Student data should return student information",
          "invocations": 1,
          "location": null,
          "numPassingAsserts": 2,
          "retryReasons": [],
          "status": "passed",
          "title": "should return student information"
        },
        {
          "ancestorTitles": [
            "GET Student data"
          ],
          "duration": 11,
          "failureDetails": [],
          "failureMessages": [],
          "fullName": "GET Student data should return information of a specific student",
          "invocations": 1,
          "location": null,
          "numPassingAsserts": 2,
          "retryReasons": [],
          "status": "passed",
          "title": "should return information of a specific student"
        }
      ],
      "failureMessage": null
    }
  ],
  "wasInterrupted": false
}